<?xml version="1.0" encoding="UTF-8"?>
<testng-results skipped="0" failed="0" ignored="0" total="1" passed="1">
  <reporter-output>
  </reporter-output>
  <suite name="Default suite" duration-ms="31123" started-at="2021-10-01T00:32:51 IST" finished-at="2021-10-01T00:33:23 IST">
    <groups>
    </groups>
    <test name="Default test" duration-ms="31123" started-at="2021-10-01T00:32:51 IST" finished-at="2021-10-01T00:33:23 IST">
      <class name="textScript.TC_01CreateOrganisation_with_JSONData">
        <test-method status="PASS" signature="createOrganisation_with_JSONData()[pri:0, instance:textScript.TC_01CreateOrganisation_with_JSONData@6f195bc3]" name="createOrganisation_with_JSONData" duration-ms="31090" started-at="2021-10-01T00:32:51 IST" finished-at="2021-10-01T00:33:23 IST">
          <reporter-output>
          </reporter-output>
        </test-method> <!-- createOrganisation_with_JSONData -->
      </class> <!-- textScript.TC_01CreateOrganisation_with_JSONData -->
    </test> <!-- Default test -->
  </suite> <!-- Default suite -->
</testng-results>
